g++ -g -Wall -I/home/zhouke/include -I/usr/local/include/bamtools -I/usr/local/include/c++/4.8.1   -c -o linearize.o linearize.cpp
g++ -g -Wall -I/home/zhouke/include -I/usr/local/include/bamtools -I/usr/local/include/c++/4.8.1 -o linearize linearize.o -L/home/zhouke/lib -lkemin  -L/usr/local/lib -lboost_program_options
cp linearize /home/zhouke/bin
g++ -g -Wall -I/home/zhouke/include -I/usr/local/include/bamtools -I/usr/local/include/c++/4.8.1   -c -o trimfastq.o trimfastq.cpp
g++ -g -Wall -I/home/zhouke/include -I/usr/local/include/bamtools -I/usr/local/include/c++/4.8.1 -o trimfastq trimfastq.o -L/home/zhouke/lib -lkemin 
cp trimfastq /home/zhouke/bin
g++ -g -Wall -I/home/zhouke/include -I/usr/local/include/bamtools -I/usr/local/include/c++/4.8.1   -c -o fastqstat.o fastqstat.cpp
g++ -g -Wall -I/home/zhouke/include -I/usr/local/include/bamtools -I/usr/local/include/c++/4.8.1 -o fastqstat fastqstat.o -L/home/zhouke/lib -lkemin 
cp fastqstat /home/zhouke/bin
g++ -g -Wall -I/home/zhouke/include -I/usr/local/include/bamtools -I/usr/local/include/c++/4.8.1   -c -o fishing.o fishing.cpp
g++ -g -Wall -I/home/zhouke/include -I/usr/local/include/bamtools -I/usr/local/include/c++/4.8.1 -o fishing fishing.o -L/home/zhouke/lib -lkemin  -L/usr/local/lib -lboost_program_options
cp fishing /home/zhouke/bin
g++ -g -Wall -I/home/zhouke/include -I/usr/local/include/bamtools -I/usr/local/include/c++/4.8.1   -c -o cpfasqpart.o cpfasqpart.cpp
g++ -g -Wall -I/home/zhouke/include -I/usr/local/include/bamtools -I/usr/local/include/c++/4.8.1 -o cpfasqpart cpfasqpart.o -L/home/zhouke/lib -lkemin 
cp cpfasqpart /home/zhouke/bin
g++ -g -Wall -I/home/zhouke/include -I/usr/local/include/bamtools -I/usr/local/include/c++/4.8.1   -c -o revcomp.o revcomp.cpp
g++ -g -Wall -I/home/zhouke/include -I/usr/local/include/bamtools -I/usr/local/include/c++/4.8.1 -o revcomp revcomp.o -L/home/zhouke/lib -lkemin 
cp revcomp /home/zhouke/bin
g++ -g -Wall -I/home/zhouke/include -I/usr/local/include/bamtools -I/usr/local/include/c++/4.8.1   -c -o fastq2fasta.o fastq2fasta.cpp
g++ -g -Wall -I/home/zhouke/include -I/usr/local/include/bamtools -I/usr/local/include/c++/4.8.1 -o fastq2fasta fastq2fasta.o -L/home/zhouke/lib -lkemin 
cp fastq2fasta /home/zhouke/bin
g++ -g -Wall -I/home/zhouke/include -I/usr/local/include/bamtools -I/usr/local/include/c++/4.8.1   -c -o checkdupfasq.o checkdupfasq.cpp
g++ -g -Wall -I/home/zhouke/include -I/usr/local/include/bamtools -I/usr/local/include/c++/4.8.1 -o checkdupfasq checkdupfasq.o -L/home/zhouke/lib -lkemin 
cp checkdupfasq /home/zhouke/bin
g++ -g -Wall -I/home/zhouke/include -I/usr/local/include/bamtools -I/usr/local/include/c++/4.8.1   -c -o tandemcount.o tandemcount.cpp
g++ -g -Wall -I/home/zhouke/include -I/usr/local/include/bamtools -I/usr/local/include/c++/4.8.1 -o tandemcount tandemcount.o -L/home/zhouke/lib -lkemin 
cp tandemcount /home/zhouke/bin
g++ -g -Wall -I/home/zhouke/include -I/usr/local/include/bamtools -I/usr/local/include/c++/4.8.1   -c -o bam2cleanfastq.o bam2cleanfastq.cpp
g++ -g -Wall -I/home/zhouke/include -I/usr/local/include/bamtools -I/usr/local/include/c++/4.8.1  -o bam2cleanfastq bam2cleanfastq.o -L/home/zhouke/lib -lkemin  -L/usr/local/lib/bamtools -lbamtools -lbamtools-utils
cp bam2cleanfastq /home/zhouke/bin
